help.are
sfhq.are
vladdhq.are
rthq.are
mage.are
atlantis.are
torcal.are
relic.are
limbo.are
smurf.are
plains.are
ultima.are
ofcol2.are
olympus.are
air.are
shire.are
hitower.are
gnome.are
wyvern.are
catacomb.are
hood.are
draconia.are
mahntor.are
trollden.are
firenewt.are
midgaard.are
chapel.are
midennir.are
grave.are
school.are
moria.are
juargan.are
eastern.are
kavir.are
pyramid.are
drow.are
thalos.are
mirror.are
ofcol.are
arachnos.are
haon.are
dwarven.are
daycare.are
sewer.are
valley.are
redferne.are
mega1.are
marsh.are
dream.are
grove.are
dylan.are
canyon.are
galaxy.are
mobfact.are
start.are
quest.are
abode.are
db.are
doom.are
Vallanda.are
weed.are
arena.are
god.are
sage.are
king01.are
king03.are
Immcastle.are
astral.are
$
